Build started 09/12/2012 11:12:47 p.m..
     1>Project "C:\Users\Chivarecords\Documents\Visual Studio 2010\Projects\Victoria\Victoria\Victoria.vcxproj" on node 2 (build target(s)).
     1>InitializeBuildStatus:
         Creating "Debug\Victoria.unsuccessfulbuild" because "AlwaysCreate" was specified.
       ClCompile:
         All outputs are up-to-date.
         All outputs are up-to-date.
       ResourceCompile:
         All outputs are up-to-date.
       ManifestResourceCompile:
         All outputs are up-to-date.
       Link:
         All outputs are up-to-date.
       Manifest:
         All outputs are up-to-date.
       FinalizeBuildStatus:
         Deleting file "Debug\Victoria.unsuccessfulbuild".
         Touching "Debug\Victoria.lastbuildstate".
     1>Done Building Project "C:\Users\Chivarecords\Documents\Visual Studio 2010\Projects\Victoria\Victoria\Victoria.vcxproj" (build target(s)).

Build succeeded.

Time Elapsed 00:00:00.14
